../ext/bson.cc:14:16: warning: v8.h: No such file or directory
In file included from /usr/include/node/node.h:67,
                 from ../ext/bson.cc:22:
/usr/include/node/node_object_wrap.h:40: error: ‘v8’ has not been declared
/usr/include/node/node_object_wrap.h:40: error: expected initializer before ‘*’ token
/usr/include/node/node_object_wrap.h:61: error: ‘v8’ has not been declared
/usr/include/node/node_object_wrap.h:61: error: ‘v8’ has not been declared
/usr/include/node/node_object_wrap.h:61: error: ‘handle’ was not declared in this scope
/usr/include/node/node_object_wrap.h:61: error: ‘Unwrap’ declared as an ‘inline’ field
/usr/include/node/node_object_wrap.h:61: error: template declaration of ‘T* node::Unwrap’
/usr/include/node/node_object_wrap.h:68: error: ‘v8’ has not been declared
/usr/include/node/node_object_wrap.h:68: error: ISO C++ forbids declaration of ‘Persistent’ with no type
/usr/include/node/node_object_wrap.h:68: error: expected ‘;’ before ‘<’ token
/usr/include/node/node_object_wrap.h:71: error: ‘v8’ has not been declared
/usr/include/node/node_object_wrap.h:71: error: expected ‘,’ or ‘...’ before ‘<’ token
/usr/include/node/node_object_wrap.h:116: error: ‘v8’ has not been declared
/usr/include/node/node_object_wrap.h:116: error: expected ‘,’ or ‘...’ before ‘*’ token
/usr/include/node/node_object_wrap.h: In destructor ‘virtual node::ObjectWrap::~ObjectWrap()’:
/usr/include/node/node_object_wrap.h:50: error: ‘handle_’ was not declared in this scope
/usr/include/node/node_object_wrap.h:51: error: ‘node_isolate’ was not declared in this scope
/usr/include/node/node_object_wrap.h: In member function ‘void node::ObjectWrap::Wrap(int)’:
/usr/include/node/node_object_wrap.h:72: error: ‘handle_’ was not declared in this scope
/usr/include/node/node_object_wrap.h:73: error: ‘handle’ was not declared in this scope
/usr/include/node/node_object_wrap.h:74: error: ‘v8’ has not been declared
/usr/include/node/node_object_wrap.h:74: error: ‘v8’ has not been declared
/usr/include/node/node_object_wrap.h:74: error: ‘::New’ has not been declared
/usr/include/node/node_object_wrap.h:74: error: ‘node_isolate’ was not declared in this scope
/usr/include/node/node_object_wrap.h: In member function ‘void node::ObjectWrap::MakeWeak()’:
/usr/include/node/node_object_wrap.h:81: error: ‘handle_’ was not declared in this scope
/usr/include/node/node_object_wrap.h:81: error: ‘node_isolate’ was not declared in this scope
/usr/include/node/node_object_wrap.h: In member function ‘virtual void node::ObjectWrap::Ref()’:
/usr/include/node/node_object_wrap.h:90: error: ‘handle_’ was not declared in this scope
/usr/include/node/node_object_wrap.h:92: error: ‘node_isolate’ was not declared in this scope
/usr/include/node/node_object_wrap.h: In member function ‘virtual void node::ObjectWrap::Unref()’:
/usr/include/node/node_object_wrap.h:105: error: ‘handle_’ was not declared in this scope
/usr/include/node/node_object_wrap.h:106: error: ‘node_isolate’ was not declared in this scope
/usr/include/node/node_object_wrap.h: In static member function ‘static void node::ObjectWrap::WeakCallback(int)’:
/usr/include/node/node_object_wrap.h:119: error: ‘v8’ has not been declared
/usr/include/node/node_object_wrap.h:119: error: expected `;' before ‘scope’
/usr/include/node/node_object_wrap.h:121: error: ‘data’ was not declared in this scope
/usr/include/node/node_object_wrap.h:122: error: ‘value’ was not declared in this scope
/usr/include/node/node_object_wrap.h:122: error: ‘class node::ObjectWrap’ has no member named ‘handle_’
/usr/include/node/node_object_wrap.h:124: error: ‘env’ was not declared in this scope
In file included from ../ext/bson.cc:22:
/usr/include/node/node.h: At global scope:
/usr/include/node/node.h:89: error: ‘v8’ has not been declared
/usr/include/node/node.h:89: error: expected initializer before ‘*’ token
/usr/include/node/node.h:96: error: ‘v8’ has not been declared
/usr/include/node/node.h:96: error: expected constructor, destructor, or type conversion before ‘<’ token
/usr/include/node/node.h:97: error: variable or field ‘Load’ declared void
/usr/include/node/node.h:97: error: ‘v8’ has not been declared
/usr/include/node/node.h:97: error: ‘v8’ has not been declared
/usr/include/node/node.h:97: error: ‘process’ was not declared in this scope
/usr/include/node/node.h:98: error: variable or field ‘EmitExit’ declared void
/usr/include/node/node.h:98: error: ‘v8’ has not been declared
/usr/include/node/node.h:98: error: ‘v8’ has not been declared
/usr/include/node/node.h:98: error: ‘process’ was not declared in this scope
/usr/include/node/node.h:115: error: ‘v8’ has not been declared
/usr/include/node/node.h:115: error: expected ‘,’ or ‘...’ before ‘callback’
/usr/include/node/node.h: In function ‘void node::SetMethod(target_t, const char*, int)’:
/usr/include/node/node.h:117: error: ‘v8’ has not been declared
/usr/include/node/node.h:118: error: ‘v8’ has not been declared
/usr/include/node/node.h:118: error: ‘callback’ was not declared in this scope
/usr/include/node/node.h: At global scope:
/usr/include/node/node.h:123: error: ‘v8’ has not been declared
/usr/include/node/node.h:123: error: expected ‘,’ or ‘...’ before ‘callback’
/usr/include/node/node.h: In function ‘void node::SetPrototypeMethod(target_t, const char*, int)’:
/usr/include/node/node.h:125: error: ‘v8’ has not been declared
/usr/include/node/node.h:125: error: ‘v8’ has not been declared
/usr/include/node/node.h:125: error: ‘templ’ was not declared in this scope
/usr/include/node/node.h:125: error: ‘v8’ has not been declared
/usr/include/node/node.h:125: error: ‘callback’ was not declared in this scope
/usr/include/node/node.h:126: error: ‘v8’ has not been declared
/usr/include/node/node.h: At global scope:
/usr/include/node/node.h:134: error: ‘v8’ has not been declared
/usr/include/node/node.h:134: error: ‘v8’ has not been declared
/usr/include/node/node.h:134: error: ‘encoding_v’ was not declared in this scope
/usr/include/node/node.h:135: error: expected primary-expression before ‘enum’
/usr/include/node/node.h:135: error: initializer expression list treated as compound expression
/usr/include/node/node.h:136: error: variable or field ‘FatalException’ declared void
/usr/include/node/node.h:136: error: ‘v8’ has not been declared
/usr/include/node/node.h:136: error: ‘try_catch’ was not declared in this scope
/usr/include/node/node.h:137: error: variable or field ‘DisplayExceptionLine’ declared void
/usr/include/node/node.h:137: error: ‘v8’ has not been declared
/usr/include/node/node.h:137: error: ‘try_catch’ was not declared in this scope
/usr/include/node/node.h:139: error: ‘v8’ has not been declared
/usr/include/node/node.h:139: error: expected constructor, destructor, or type conversion before ‘<’ token
/usr/include/node/node.h:143: error: ‘v8’ has not been declared
/usr/include/node/node.h:143: error: ‘v8’ has not been declared
/usr/include/node/node.h:143: error: expected primary-expression before ‘,’ token
/usr/include/node/node.h:144: error: expected primary-expression before ‘enum’
/usr/include/node/node.h:144: error: initializer expression list treated as compound expression
/usr/include/node/node.h:149: error: ‘v8’ has not been declared
/usr/include/node/node.h:149: error: expected ‘,’ or ‘...’ before ‘<’ token
/usr/include/node/node.h:152: error: ‘v8’ has not been declared
/usr/include/node/node.h:152: error: expected constructor, destructor, or type conversion before ‘<’ token
/usr/include/node/node.h:155: error: ‘v8’ has not been declared
/usr/include/node/node.h:155: error: expected initializer before ‘<’ token
/usr/include/node/node.h:162: error: ‘v8’ has not been declared
/usr/include/node/node.h:162: error: expected initializer before ‘<’ token
/usr/include/node/node.h:169: error: variable or field ‘cb_destroy’ declared void
/usr/include/node/node.h:169: error: ‘v8’ has not been declared
/usr/include/node/node.h:169: error: ‘v8’ has not been declared
/usr/include/node/node.h:169: error: ‘cb’ was not declared in this scope
/usr/include/node/node.h:174: error: ‘v8’ has not been declared
/usr/include/node/node.h:174: error: expected constructor, destructor, or type conversion before ‘<’ token
/usr/include/node/node.h:179: error: ‘v8’ has not been declared
/usr/include/node/node.h:179: error: expected constructor, destructor, or type conversion before ‘<’ token
/usr/include/node/node.h:194: error: typedef ‘node::addon_register_func’ is initialized (use __typeof__ instead)
/usr/include/node/node.h:194: error: ‘v8’ has not been declared
/usr/include/node/node.h:194: error: ‘v8’ has not been declared
/usr/include/node/node.h:194: error: ‘exports’ was not declared in this scope
/usr/include/node/node.h:194: error: ‘v8’ has not been declared
/usr/include/node/node.h:194: error: ‘v8’ has not been declared
/usr/include/node/node.h:194: error: ‘module’ was not declared in this scope
/usr/include/node/node.h:200: error: ‘addon_register_func’ in namespace ‘node’ does not name a type
/usr/include/node/node.h:244: error: ‘v8’ has not been declared
/usr/include/node/node.h:244: error: expected constructor, destructor, or type conversion before ‘<’ token
/usr/include/node/node.h:250: error: ‘v8’ has not been declared
/usr/include/node/node.h:250: error: expected constructor, destructor, or type conversion before ‘<’ token
/usr/include/node/node.h:256: error: ‘v8’ has not been declared
/usr/include/node/node.h:256: error: expected constructor, destructor, or type conversion before ‘<’ token
In file included from ../ext/bson.cc:24:
/usr/include/node/node_buffer.h:71: error: ‘v8’ has not been declared
/usr/include/node/node_buffer.h:71: error: ISO C++ forbids declaration of ‘Persistent’ with no type
/usr/include/node/node_buffer.h:71: error: expected ‘;’ before ‘<’ token
/usr/include/node/node_buffer.h:73: error: ‘v8’ has not been declared
/usr/include/node/node_buffer.h:73: error: expected ‘,’ or ‘...’ before ‘<’ token
/usr/include/node/node_buffer.h:75: error: ‘Data’ declared as an ‘inline’ field
/usr/include/node/node_buffer.h:75: error: expected ‘;’ before ‘(’ token
/usr/include/node/node_buffer.h:81: error: expected `;' before ‘static’
/usr/include/node/node_buffer.h:85: error: ‘v8’ has not been declared
/usr/include/node/node_buffer.h:85: error: expected ‘,’ or ‘...’ before ‘<’ token
/usr/include/node/node_buffer.h:102: error: ‘v8’ has not been declared
/usr/include/node/node_buffer.h:102: error: ISO C++ forbids declaration of ‘Handle’ with no type
/usr/include/node/node_buffer.h:102: error: expected ‘;’ before ‘<’ token
/usr/include/node/node_buffer.h:104: error: ‘v8’ has not been declared
/usr/include/node/node_buffer.h:104: error: expected ‘,’ or ‘...’ before ‘<’ token
/usr/include/node/node_buffer.h:115: error: ‘v8’ has not been declared
/usr/include/node/node_buffer.h:115: error: ISO C++ forbids declaration of ‘Handle’ with no type
/usr/include/node/node_buffer.h:115: error: expected ‘;’ before ‘<’ token
/usr/include/node/node_buffer.h:116: error: ‘v8’ has not been declared
/usr/include/node/node_buffer.h:116: error: ISO C++ forbids declaration of ‘Handle’ with no type
/usr/include/node/node_buffer.h:116: error: expected ‘;’ before ‘<’ token
/usr/include/node/node_buffer.h:117: error: ‘v8’ has not been declared
/usr/include/node/node_buffer.h:117: error: ISO C++ forbids declaration of ‘Handle’ with no type
/usr/include/node/node_buffer.h:117: error: expected ‘;’ before ‘<’ token
/usr/include/node/node_buffer.h:118: error: ‘v8’ has not been declared
/usr/include/node/node_buffer.h:118: error: ISO C++ forbids declaration of ‘Handle’ with no type
/usr/include/node/node_buffer.h:118: error: expected ‘;’ before ‘<’ token
/usr/include/node/node_buffer.h:119: error: ‘v8’ has not been declared
/usr/include/node/node_buffer.h:119: error: ISO C++ forbids declaration of ‘Handle’ with no type
/usr/include/node/node_buffer.h:119: error: expected ‘;’ before ‘<’ token
/usr/include/node/node_buffer.h:120: error: ‘v8’ has not been declared
/usr/include/node/node_buffer.h:120: error: ISO C++ forbids declaration of ‘Handle’ with no type
/usr/include/node/node_buffer.h:120: error: expected ‘;’ before ‘<’ token
/usr/include/node/node_buffer.h:121: error: ‘v8’ has not been declared
/usr/include/node/node_buffer.h:121: error: ISO C++ forbids declaration of ‘Handle’ with no type
/usr/include/node/node_buffer.h:121: error: expected ‘;’ before ‘<’ token
/usr/include/node/node_buffer.h:122: error: ‘v8’ has not been declared
/usr/include/node/node_buffer.h:122: error: ISO C++ forbids declaration of ‘Handle’ with no type
/usr/include/node/node_buffer.h:122: error: expected ‘;’ before ‘<’ token
/usr/include/node/node_buffer.h:123: error: ‘v8’ has not been declared
/usr/include/node/node_buffer.h:123: error: ISO C++ forbids declaration of ‘Handle’ with no type
/usr/include/node/node_buffer.h:123: error: expected ‘;’ before ‘<’ token
/usr/include/node/node_buffer.h:124: error: ‘v8’ has not been declared
/usr/include/node/node_buffer.h:124: error: ISO C++ forbids declaration of ‘Handle’ with no type
/usr/include/node/node_buffer.h:124: error: expected ‘;’ before ‘<’ token
/usr/include/node/node_buffer.h:125: error: ‘v8’ has not been declared
/usr/include/node/node_buffer.h:125: error: ISO C++ forbids declaration of ‘Handle’ with no type
/usr/include/node/node_buffer.h:125: error: expected ‘;’ before ‘<’ token
/usr/include/node/node_buffer.h:126: error: ‘v8’ has not been declared
/usr/include/node/node_buffer.h:126: error: ISO C++ forbids declaration of ‘Handle’ with no type
/usr/include/node/node_buffer.h:126: error: expected ‘;’ before ‘<’ token
/usr/include/node/node_buffer.h:127: error: ‘v8’ has not been declared
/usr/include/node/node_buffer.h:127: error: ISO C++ forbids declaration of ‘Handle’ with no type
/usr/include/node/node_buffer.h:127: error: expected ‘;’ before ‘<’ token
/usr/include/node/node_buffer.h:128: error: ‘v8’ has not been declared
/usr/include/node/node_buffer.h:128: error: ISO C++ forbids declaration of ‘Handle’ with no type
/usr/include/node/node_buffer.h:128: error: expected ‘;’ before ‘<’ token
/usr/include/node/node_buffer.h:129: error: ‘v8’ has not been declared
/usr/include/node/node_buffer.h:129: error: ISO C++ forbids declaration of ‘Handle’ with no type
/usr/include/node/node_buffer.h:129: error: expected ‘;’ before ‘<’ token
/usr/include/node/node_buffer.h:130: error: ‘v8’ has not been declared
/usr/include/node/node_buffer.h:130: error: ISO C++ forbids declaration of ‘Handle’ with no type
/usr/include/node/node_buffer.h:130: error: expected ‘;’ before ‘<’ token
/usr/include/node/node_buffer.h:131: error: ‘v8’ has not been declared
/usr/include/node/node_buffer.h:131: error: ISO C++ forbids declaration of ‘Handle’ with no type
/usr/include/node/node_buffer.h:131: error: expected ‘;’ before ‘<’ token
/usr/include/node/node_buffer.h:132: error: ‘v8’ has not been declared
/usr/include/node/node_buffer.h:132: error: ISO C++ forbids declaration of ‘Handle’ with no type
/usr/include/node/node_buffer.h:132: error: expected ‘;’ before ‘<’ token
/usr/include/node/node_buffer.h:133: error: ‘v8’ has not been declared
/usr/include/node/node_buffer.h:133: error: ISO C++ forbids declaration of ‘Handle’ with no type
/usr/include/node/node_buffer.h:133: error: expected ‘;’ before ‘<’ token
/usr/include/node/node_buffer.h:134: error: ‘v8’ has not been declared
/usr/include/node/node_buffer.h:134: error: ISO C++ forbids declaration of ‘Handle’ with no type
/usr/include/node/node_buffer.h:134: error: expected ‘;’ before ‘<’ token
/usr/include/node/node_buffer.h:135: error: ‘v8’ has not been declared
/usr/include/node/node_buffer.h:135: error: ISO C++ forbids declaration of ‘Handle’ with no type
/usr/include/node/node_buffer.h:135: error: expected ‘;’ before ‘<’ token
/usr/include/node/node_buffer.h:136: error: ‘v8’ has not been declared
/usr/include/node/node_buffer.h:136: error: ISO C++ forbids declaration of ‘Handle’ with no type
/usr/include/node/node_buffer.h:136: error: expected ‘;’ before ‘<’ token
/usr/include/node/node_buffer.h:137: error: ‘v8’ has not been declared
/usr/include/node/node_buffer.h:137: error: ISO C++ forbids declaration of ‘Handle’ with no type
/usr/include/node/node_buffer.h:137: error: expected ‘;’ before ‘<’ token
/usr/include/node/node_buffer.h:138: error: ‘v8’ has not been declared
/usr/include/node/node_buffer.h:138: error: ISO C++ forbids declaration of ‘Handle’ with no type
/usr/include/node/node_buffer.h:138: error: expected ‘;’ before ‘<’ token
/usr/include/node/node_buffer.h:139: error: ‘v8’ has not been declared
/usr/include/node/node_buffer.h:139: error: ISO C++ forbids declaration of ‘Handle’ with no type
/usr/include/node/node_buffer.h:139: error: expected ‘;’ before ‘<’ token
/usr/include/node/node_buffer.h:141: error: ‘v8’ has not been declared
/usr/include/node/node_buffer.h:141: error: expected `)' before ‘<’ token
/usr/include/node/node_buffer.h: In static member function ‘static char* node::Buffer::Data(node::Buffer*)’:
/usr/include/node/node_buffer.h:82: error: ‘class node::Buffer’ has no member named ‘handle_’
/usr/include/node/node_buffer.h: In static member function ‘static size_t node::Buffer::Length(int)’:
/usr/include/node/node_buffer.h:86: error: ‘val’ was not declared in this scope
/usr/include/node/node_buffer.h:87: error: ‘v8’ has not been declared
/usr/include/node/node_buffer.h:87: error: expected primary-expression before ‘)’ token
/usr/include/node/node_buffer.h: In static member function ‘static size_t node::Buffer::Length(node::Buffer*)’:
/usr/include/node/node_buffer.h:93: error: ‘class node::Buffer’ has no member named ‘handle_’
In file included from ../ext/bson.cc:35:
../ext/bson.h: At global scope:
../ext/bson.h:18: error: ‘v8’ is not a namespace-name
../ext/bson.h:18: error: expected namespace-name before ‘;’ token
../ext/bson.h:55: error: ‘Handle’ has not been declared
../ext/bson.h:55: error: expected ‘,’ or ‘...’ before ‘<’ token
../ext/bson.h:56: error: ISO C++ forbids declaration of ‘Handle’ with no type
../ext/bson.h:56: error: expected ‘;’ before ‘<’ token
../ext/bson.h:59: error: ISO C++ forbids declaration of ‘Handle’ with no type
../ext/bson.h:59: error: expected ‘;’ before ‘<’ token
../ext/bson.h:60: error: ISO C++ forbids declaration of ‘Handle’ with no type
../ext/bson.h:60: error: expected ‘;’ before ‘<’ token
../ext/bson.h:63: error: ISO C++ forbids declaration of ‘Handle’ with no type
../ext/bson.h:63: error: expected ‘;’ before ‘<’ token
../ext/bson.h:64: error: ISO C++ forbids declaration of ‘Handle’ with no type
../ext/bson.h:64: error: expected ‘;’ before ‘<’ token
../ext/bson.h:67: error: ISO C++ forbids declaration of ‘Persistent’ with no type
../ext/bson.h:67: error: expected ‘;’ before ‘<’ token
../ext/bson.h:70: error: ISO C++ forbids declaration of ‘Handle’ with no type
../ext/bson.h:70: error: expected ‘;’ before ‘<’ token
../ext/bson.h:71: error: ISO C++ forbids declaration of ‘Handle’ with no type
../ext/bson.h:71: error: expected ‘;’ before ‘<’ token
../ext/bson.h:74: error: ISO C++ forbids declaration of ‘Persistent’ with no type
../ext/bson.h:74: error: expected ‘;’ before ‘<’ token
../ext/bson.h:75: error: ISO C++ forbids declaration of ‘Persistent’ with no type
../ext/bson.h:75: error: expected ‘;’ before ‘<’ token
../ext/bson.h:76: error: ISO C++ forbids declaration of ‘Persistent’ with no type
../ext/bson.h:76: error: expected ‘;’ before ‘<’ token
../ext/bson.h:77: error: ISO C++ forbids declaration of ‘Persistent’ with no type
../ext/bson.h:77: error: expected ‘;’ before ‘<’ token
../ext/bson.h:78: error: ISO C++ forbids declaration of ‘Persistent’ with no type
../ext/bson.h:78: error: expected ‘;’ before ‘<’ token
../ext/bson.h:79: error: ISO C++ forbids declaration of ‘Persistent’ with no type
../ext/bson.h:79: error: expected ‘;’ before ‘<’ token
../ext/bson.h:80: error: ISO C++ forbids declaration of ‘Persistent’ with no type
../ext/bson.h:80: error: expected ‘;’ before ‘<’ token
../ext/bson.h:81: error: ISO C++ forbids declaration of ‘Persistent’ with no type
../ext/bson.h:81: error: expected ‘;’ before ‘<’ token
../ext/bson.h:82: error: ISO C++ forbids declaration of ‘Persistent’ with no type
../ext/bson.h:82: error: expected ‘;’ before ‘<’ token
../ext/bson.h:83: error: ISO C++ forbids declaration of ‘Persistent’ with no type
../ext/bson.h:83: error: expected ‘;’ before ‘<’ token
../ext/bson.h:86: error: ISO C++ forbids declaration of ‘Persistent’ with no type
../ext/bson.h:86: error: expected ‘;’ before ‘<’ token
../ext/bson.h:87: error: ISO C++ forbids declaration of ‘Persistent’ with no type
../ext/bson.h:87: error: expected ‘;’ before ‘<’ token
../ext/bson.h:88: error: ISO C++ forbids declaration of ‘Persistent’ with no type
../ext/bson.h:88: error: expected ‘;’ before ‘<’ token
../ext/bson.h:89: error: ISO C++ forbids declaration of ‘Persistent’ with no type
../ext/bson.h:89: error: expected ‘;’ before ‘<’ token
../ext/bson.h:90: error: ISO C++ forbids declaration of ‘Persistent’ with no type
../ext/bson.h:90: error: expected ‘;’ before ‘<’ token
../ext/bson.h:91: error: ISO C++ forbids declaration of ‘Persistent’ with no type
../ext/bson.h:91: error: expected ‘;’ before ‘<’ token
../ext/bson.h:92: error: ISO C++ forbids declaration of ‘Persistent’ with no type
../ext/bson.h:92: error: expected ‘;’ before ‘<’ token
../ext/bson.h:93: error: ISO C++ forbids declaration of ‘Persistent’ with no type
../ext/bson.h:93: error: expected ‘;’ before ‘<’ token
../ext/bson.h:94: error: ISO C++ forbids declaration of ‘Persistent’ with no type
../ext/bson.h:94: error: expected ‘;’ before ‘<’ token
../ext/bson.h:95: error: ISO C++ forbids declaration of ‘Persistent’ with no type
../ext/bson.h:95: error: expected ‘;’ before ‘<’ token
../ext/bson.h:98: error: ISO C++ forbids declaration of ‘Persistent’ with no type
../ext/bson.h:98: error: expected ‘;’ before ‘<’ token
../ext/bson.h:99: error: ISO C++ forbids declaration of ‘Persistent’ with no type
../ext/bson.h:99: error: expected ‘;’ before ‘<’ token
../ext/bson.h:100: error: ISO C++ forbids declaration of ‘Persistent’ with no type
../ext/bson.h:100: error: expected ‘;’ before ‘<’ token
../ext/bson.h:101: error: ISO C++ forbids declaration of ‘Persistent’ with no type
../ext/bson.h:101: error: expected ‘;’ before ‘<’ token
../ext/bson.h:102: error: ISO C++ forbids declaration of ‘Persistent’ with no type
../ext/bson.h:102: error: expected ‘;’ before ‘<’ token
../ext/bson.h:103: error: ISO C++ forbids declaration of ‘Persistent’ with no type
../ext/bson.h:103: error: expected ‘;’ before ‘<’ token
../ext/bson.h:104: error: ISO C++ forbids declaration of ‘Persistent’ with no type
../ext/bson.h:104: error: expected ‘;’ before ‘<’ token
../ext/bson.h:105: error: ISO C++ forbids declaration of ‘Persistent’ with no type
../ext/bson.h:105: error: expected ‘;’ before ‘<’ token
../ext/bson.h:106: error: ISO C++ forbids declaration of ‘Persistent’ with no type
../ext/bson.h:106: error: expected ‘;’ before ‘<’ token
../ext/bson.h:108: error: ISO C++ forbids declaration of ‘Persistent’ with no type
../ext/bson.h:108: error: expected ‘;’ before ‘<’ token
../ext/bson.h:109: error: ISO C++ forbids declaration of ‘Persistent’ with no type
../ext/bson.h:109: error: expected ‘;’ before ‘<’ token
../ext/bson.h:110: error: ISO C++ forbids declaration of ‘Persistent’ with no type
../ext/bson.h:110: error: expected ‘;’ before ‘<’ token
../ext/bson.h:111: error: ISO C++ forbids declaration of ‘Persistent’ with no type
../ext/bson.h:111: error: expected ‘;’ before ‘<’ token
../ext/bson.h:112: error: ISO C++ forbids declaration of ‘Persistent’ with no type
../ext/bson.h:112: error: expected ‘;’ before ‘<’ token
../ext/bson.h:113: error: ISO C++ forbids declaration of ‘Persistent’ with no type
../ext/bson.h:113: error: expected ‘;’ before ‘<’ token
../ext/bson.h:115: error: ISO C++ forbids declaration of ‘Persistent’ with no type
../ext/bson.h:115: error: expected ‘;’ before ‘<’ token
../ext/bson.h:116: error: ISO C++ forbids declaration of ‘Persistent’ with no type
../ext/bson.h:116: error: expected ‘;’ before ‘<’ token
../ext/bson.h:117: error: ISO C++ forbids declaration of ‘Persistent’ with no type
../ext/bson.h:117: error: expected ‘;’ before ‘<’ token
../ext/bson.h:119: error: ISO C++ forbids declaration of ‘Local’ with no type
../ext/bson.h:119: error: expected ‘;’ before ‘<’ token
../ext/bson.h:133: error: expected ‘,’ or ‘...’ before ‘<’ token
../ext/bson.h:133: error: ISO C++ forbids declaration of ‘Handle’ with no type
../ext/bson.h:133: error: ‘void CountStream::WriteByte(int)’ cannot be overloaded
../ext/bson.h:132: error: with ‘void CountStream::WriteByte(int)’
../ext/bson.h:134: error: expected ‘,’ or ‘...’ before ‘<’ token
../ext/bson.h:134: error: ISO C++ forbids declaration of ‘Handle’ with no type
../ext/bson.h:136: error: expected ‘,’ or ‘...’ before ‘<’ token
../ext/bson.h:136: error: ISO C++ forbids declaration of ‘Handle’ with no type
../ext/bson.h:136: error: ‘void CountStream::WriteInt32(int)’ cannot be overloaded
../ext/bson.h:135: error: with ‘void CountStream::WriteInt32(int32_t)’
../ext/bson.h:137: error: expected ‘,’ or ‘...’ before ‘<’ token
../ext/bson.h:137: error: ISO C++ forbids declaration of ‘Handle’ with no type
../ext/bson.h:137: error: ‘void CountStream::WriteInt32(int)’ cannot be overloaded
../ext/bson.h:135: error: with ‘void CountStream::WriteInt32(int32_t)’
../ext/bson.h:139: error: expected ‘,’ or ‘...’ before ‘<’ token
../ext/bson.h:139: error: ISO C++ forbids declaration of ‘Handle’ with no type
../ext/bson.h:141: error: expected ‘,’ or ‘...’ before ‘<’ token
../ext/bson.h:141: error: ISO C++ forbids declaration of ‘Handle’ with no type
../ext/bson.h:142: error: expected ‘,’ or ‘...’ before ‘<’ token
../ext/bson.h:142: error: ISO C++ forbids declaration of ‘Handle’ with no type
../ext/bson.h:142: error: ‘void CountStream::WriteDouble(int)’ cannot be overloaded
../ext/bson.h:141: error: with ‘void CountStream::WriteDouble(int)’
../ext/bson.h:144: error: expected ‘,’ or ‘...’ before ‘<’ token
../ext/bson.h:144: error: ISO C++ forbids declaration of ‘Local’ with no type
../ext/bson.h:145: error: expected ‘,’ or ‘...’ before ‘<’ token
../ext/bson.h:145: error: ISO C++ forbids declaration of ‘Handle’ with no type
../ext/bson.h:146: error: expected ‘,’ or ‘...’ before ‘<’ token
../ext/bson.h:146: error: ISO C++ forbids declaration of ‘Local’ with no type
../ext/bson.h:157: error: expected ‘,’ or ‘...’ before ‘<’ token
../ext/bson.h:157: error: ISO C++ forbids declaration of ‘Local’ with no type
../ext/bson.h: In member function ‘void CountStream::WriteLengthPrefixedString(int)’:
../ext/bson.h:144: error: ‘value’ was not declared in this scope
../ext/bson.h: In member function ‘void CountStream::WriteString(int)’:
../ext/bson.h:146: error: ‘value’ was not declared in this scope
../ext/bson.h: At global scope:
../ext/bson.h:169: error: expected ‘,’ or ‘...’ before ‘<’ token
../ext/bson.h:169: error: ISO C++ forbids declaration of ‘Handle’ with no type
../ext/bson.h:169: error: ‘void DataStream::WriteByte(int)’ cannot be overloaded
../ext/bson.h:168: error: with ‘void DataStream::WriteByte(int)’
../ext/bson.h:179: error: expected ‘,’ or ‘...’ before ‘<’ token
../ext/bson.h:179: error: ISO C++ forbids declaration of ‘Handle’ with no type
../ext/bson.h:180: error: expected ‘,’ or ‘...’ before ‘<’ token
../ext/bson.h:180: error: ISO C++ forbids declaration of ‘Handle’ with no type
../ext/bson.h:180: error: ‘void DataStream::WriteInt32(int)’ cannot be overloaded
../ext/bson.h:171: error: with ‘void DataStream::WriteInt32(int32_t)’
../ext/bson.h:181: error: expected ‘,’ or ‘...’ before ‘<’ token
../ext/bson.h:181: error: ISO C++ forbids declaration of ‘Handle’ with no type
../ext/bson.h:181: error: ‘void DataStream::WriteInt32(int)’ cannot be overloaded
../ext/bson.h:171: error: with ‘void DataStream::WriteInt32(int32_t)’
../ext/bson.h:182: error: expected ‘,’ or ‘...’ before ‘<’ token
../ext/bson.h:182: error: ISO C++ forbids declaration of ‘Handle’ with no type
../ext/bson.h:183: error: expected ‘,’ or ‘...’ before ‘<’ token
../ext/bson.h:183: error: ISO C++ forbids declaration of ‘Handle’ with no type
../ext/bson.h:184: error: expected ‘,’ or ‘...’ before ‘<’ token
../ext/bson.h:184: error: ISO C++ forbids declaration of ‘Handle’ with no type
../ext/bson.h:184: error: ‘void DataStream::WriteDouble(int)’ cannot be overloaded
../ext/bson.h:183: error: with ‘void DataStream::WriteDouble(int)’
../ext/bson.h:186: error: expected ‘,’ or ‘...’ before ‘<’ token
../ext/bson.h:186: error: ISO C++ forbids declaration of ‘Local’ with no type
../ext/bson.h:187: error: expected ‘,’ or ‘...’ before ‘<’ token
../ext/bson.h:187: error: ISO C++ forbids declaration of ‘Handle’ with no type
../ext/bson.h:188: error: expected ‘,’ or ‘...’ before ‘<’ token
../ext/bson.h:188: error: ISO C++ forbids declaration of ‘Local’ with no type
../ext/bson.h:203: error: expected ‘,’ or ‘...’ before ‘<’ token
../ext/bson.h:203: error: ISO C++ forbids declaration of ‘Local’ with no type
../ext/bson.h: In member function ‘void DataStream::WriteByte(int)’:
../ext/bson.h:169: error: ‘object’ was not declared in this scope
../ext/bson.h:169: error: ‘key’ was not declared in this scope
../ext/bson.h: In member function ‘void DataStream::WriteBool(int)’:
../ext/bson.h:179: error: ‘value’ was not declared in this scope
../ext/bson.h: In member function ‘void DataStream::WriteInt32(int)’:
../ext/bson.h:180: error: ‘value’ was not declared in this scope
../ext/bson.h: In member function ‘void DataStream::WriteInt32(int)’:
../ext/bson.h:181: error: ‘object’ was not declared in this scope
../ext/bson.h:181: error: ‘key’ was not declared in this scope
../ext/bson.h: In member function ‘void DataStream::WriteInt64(int)’:
../ext/bson.h:182: error: ‘value’ was not declared in this scope
../ext/bson.h: In member function ‘void DataStream::WriteDouble(int)’:
../ext/bson.h:183: error: ‘value’ was not declared in this scope
../ext/bson.h: In member function ‘void DataStream::WriteDouble(int)’:
../ext/bson.h:184: error: ‘object’ was not declared in this scope
../ext/bson.h:184: error: ‘key’ was not declared in this scope
../ext/bson.h: In member function ‘void DataStream::WriteLengthPrefixedString(int)’:
../ext/bson.h:186: error: ‘value’ was not declared in this scope
../ext/bson.h: In member function ‘void DataStream::WriteString(int)’:
../ext/bson.h:188: error: ‘value’ was not declared in this scope
../ext/bson.h: At global scope:
../ext/bson.h:219: error: expected ‘,’ or ‘...’ before ‘<’ token
../ext/bson.h:219: error: ISO C++ forbids declaration of ‘Handle’ with no type
../ext/bson.h:220: error: expected ‘,’ or ‘...’ before ‘<’ token
../ext/bson.h:220: error: ISO C++ forbids declaration of ‘Handle’ with no type
../ext/bson.h:221: error: expected ‘,’ or ‘...’ before ‘<’ token
../ext/bson.h:221: error: ISO C++ forbids declaration of ‘Handle’ with no type
../ext/bson.h:237: error: ISO C++ forbids declaration of ‘Handle’ with no type
../ext/bson.h:237: error: expected ‘;’ before ‘<’ token
../ext/bson.h:240: error: ISO C++ forbids declaration of ‘Local’ with no type
../ext/bson.h:240: error: expected ‘;’ before ‘<’ token
../ext/bson.h:243: error: ISO C++ forbids declaration of ‘Local’ with no type
../ext/bson.h:243: error: expected ‘;’ before ‘<’ token
../ext/bson.h:244: error: ISO C++ forbids declaration of ‘Local’ with no type
../ext/bson.h:244: error: expected ‘;’ before ‘<’ token
../ext/bson.h:262: error: ISO C++ forbids declaration of ‘Handle’ with no type
../ext/bson.h:262: error: expected ‘;’ before ‘<’ token
../ext/bson.h:263: error: ISO C++ forbids declaration of ‘Handle’ with no type
../ext/bson.h:263: error: expected ‘;’ before ‘<’ token
../ext/bson.h:264: error: ISO C++ forbids declaration of ‘Handle’ with no type
../ext/bson.h:264: error: expected ‘;’ before ‘<’ token
../ext/bson.h:265: error: ISO C++ forbids declaration of ‘Handle’ with no type
../ext/bson.h:265: error: expected ‘;’ before ‘<’ token
../ext/bson.cc:37: error: ‘v8’ is not a namespace-name
../ext/bson.cc:37: error: expected namespace-name before ‘;’ token
../ext/bson.cc:42: error: expected ‘,’ or ‘...’ before ‘<’ token
../ext/bson.cc:42: error: ISO C++ forbids declaration of ‘Handle’ with no type
../ext/bson.cc: In member function ‘void DataStream::WriteObjectId(int)’:
../ext/bson.cc:45: error: ‘object’ was not declared in this scope
../ext/bson.cc:45: error: ‘key’ was not declared in this scope
../ext/bson.cc: At global scope:
../ext/bson.cc:63: error: expected ‘,’ or ‘...’ before ‘<’ token
../ext/bson.cc:63: error: ISO C++ forbids declaration of ‘Local’ with no type
../ext/bson.cc: In member function ‘void DataStream::CheckKey(int)’:
../ext/bson.cc:65: error: ‘keyName’ was not declared in this scope
../ext/bson.cc: At global scope:
../ext/bson.cc:91: error: expected ‘,’ or ‘...’ before ‘<’ token
../ext/bson.cc:91: error: ISO C++ forbids declaration of ‘Handle’ with no type
../ext/bson.cc: In member function ‘void BSONSerializer<T>::SerializeDocument(int)’:
../ext/bson.cc:94: error: ‘Local’ was not declared in this scope
../ext/bson.cc:94: error: ‘Object’ was not declared in this scope
../ext/bson.cc:94: error: ‘object’ was not declared in this scope
../ext/bson.cc:94: error: ‘class BSON’ has no member named ‘GetSerializeObject’
../ext/bson.cc:94: error: ‘value’ was not declared in this scope
../ext/bson.cc:100: error: ‘Array’ was not declared in this scope
../ext/bson.cc:100: error: ‘propertyNames’ was not declared in this scope
../ext/bson.cc:107: error: expected initializer before ‘<’ token
../ext/bson.cc:108: error: ‘propertyName’ was not declared in this scope
../ext/bson.cc:110: error: expected initializer before ‘<’ token
../ext/bson.cc:112: error: ‘propertyValue’ was not declared in this scope
../ext/bson.cc:115: error: ‘propertyName’ was not declared in this scope
../ext/bson.cc: At global scope:
../ext/bson.cc:124: error: expected ‘,’ or ‘...’ before ‘<’ token
../ext/bson.cc:124: error: ISO C++ forbids declaration of ‘Handle’ with no type
../ext/bson.cc: In member function ‘void BSONSerializer<T>::SerializeArray(int)’:
../ext/bson.cc:128: error: ‘Local’ was not declared in this scope
../ext/bson.cc:128: error: ‘Array’ was not declared in this scope
../ext/bson.cc:128: error: ‘array’ was not declared in this scope
../ext/bson.cc:128: error: ‘::Cast’ has not been declared
../ext/bson.cc:128: error: ‘value’ was not declared in this scope
../ext/bson.cc: At global scope:
../ext/bson.cc:145: error: expected ‘,’ or ‘...’ before ‘<’ token
../ext/bson.cc:145: error: ISO C++ forbids declaration of ‘Handle’ with no type
../ext/bson.cc: In member function ‘void BSONSerializer<T>::SerializeValue(void*, int)’:
../ext/bson.cc:147: error: ‘value’ was not declared in this scope
../ext/bson.cc:185: error: expected initializer before ‘<’ token
../ext/bson.cc:187: error: ‘regExp’ was not declared in this scope
../ext/bson.cc:190: error: ‘RegExp’ has not been declared
../ext/bson.cc:191: error: ‘RegExp’ has not been declared
../ext/bson.cc:192: error: ‘RegExp’ has not been declared
../ext/bson.cc:202: error: expected initializer before ‘<’ token
../ext/bson.cc:203: error: ‘object’ was not declared in this scope
../ext/bson.cc:203: error: ‘class BSON’ has no member named ‘_bsontypeString’
../ext/bson.cc:205: error: expected initializer before ‘<’ token
../ext/bson.cc:206: error: ‘class BSON’ has no member named ‘longString’
../ext/bson.cc:206: error: ‘constructorString’ was not declared in this scope
../ext/bson.cc:209: error: ‘class BSON’ has no member named ‘_longLowString’
../ext/bson.cc:210: error: ‘class BSON’ has no member named ‘_longHighString’
../ext/bson.cc:212: error: ‘class BSON’ has no member named ‘timestampString’
../ext/bson.cc:215: error: ‘class BSON’ has no member named ‘_longLowString’
../ext/bson.cc:216: error: ‘class BSON’ has no member named ‘_longHighString’
../ext/bson.cc:218: error: ‘class BSON’ has no member named ‘objectIDString’
../ext/bson.cc:221: error: ‘class BSON’ has no member named ‘_objectIDidString’
../ext/bson.cc:223: error: ‘class BSON’ has no member named ‘binaryString’
../ext/bson.cc:227: error: ‘class BSON’ has no member named ‘_binaryPositionString’
../ext/bson.cc:228: error: ‘Local’ was not declared in this scope
../ext/bson.cc:228: error: ‘Object’ was not declared in this scope
../ext/bson.cc:228: error: ‘bufferObj’ was not declared in this scope
../ext/bson.cc:228: error: ‘class BSON’ has no member named ‘_binaryBufferString’
../ext/bson.cc:231: error: ‘class BSON’ has no member named ‘_binarySubTypeString’
../ext/bson.cc:233: error: ‘class BSON’ has no member named ‘_binarySubTypeString’
../ext/bson.cc:239: error: ‘class BSON’ has no member named ‘doubleString’
../ext/bson.cc:242: error: ‘class BSON’ has no member named ‘_doubleValueString’
../ext/bson.cc:244: error: ‘class BSON’ has no member named ‘symbolString’
../ext/bson.cc:247: error: ‘class BSON’ has no member named ‘_symbolValueString’
../ext/bson.cc:249: error: ‘class BSON’ has no member named ‘codeString’
../ext/bson.cc:251: error: expected initializer before ‘<’ token
../ext/bson.cc:252: error: expected initializer before ‘<’ token
../ext/bson.cc:258: error: ‘scope’ was not declared in this scope
../ext/bson.cc:265: error: ‘function’ was not declared in this scope
../ext/bson.cc:272: error: ‘function’ was not declared in this scope
../ext/bson.cc:275: error: ‘class BSON’ has no member named ‘dbrefString’
../ext/bson.cc:283: error: ‘class BSON’ has no member named ‘_dbRefNamespaceString’
../ext/bson.cc:287: error: ‘class BSON’ has no member named ‘_dbRefOidString’
../ext/bson.cc:289: error: expected initializer before ‘<’ token
../ext/bson.cc:290: error: ‘refDbValue’ was not declared in this scope
../ext/bson.cc:300: error: ‘class BSON’ has no member named ‘minKeyString’
../ext/bson.cc:304: error: ‘class BSON’ has no member named ‘maxKeyString’
../ext/bson.cc: At global scope:
../ext/bson.cc:357: error: expected constructor, destructor, or type conversion before ‘<’ token
make: *** [Release/obj.target/bson/ext/bson.o] Error 1
gyp ERR! build error 
gyp ERR! stack Error: `make` failed with exit code: 2
gyp ERR! stack     at ChildProcess.onExit (/usr/lib64/node_modules/npm/node_modules/node-gyp/lib/build.js:267:23)
gyp ERR! stack     at ChildProcess.EventEmitter.emit (events.js:98:17)
gyp ERR! stack     at Process.ChildProcess._handle.onexit (child_process.js:784:12)
gyp ERR! System Linux 3.0.82-0.7-default
gyp ERR! command "node" "/usr/lib64/node_modules/npm/node_modules/node-gyp/bin/node-gyp.js" "rebuild"
gyp ERR! cwd /srv/www/qNotify/node_modules/mongoose/node_modules/mongodb/node_modules/bson
gyp ERR! node -v v0.10.5
gyp ERR! node-gyp -v v0.9.5
gyp ERR! not ok 
